<?xml version="1.0" encoding="UTF-8"?>
<testsuite xmlns:xsi="http://www.w3.org/2001/XMLSchema-instance" xsi:noNamespaceSchemaLocation="https://maven.apache.org/surefire/maven-surefire-plugin/xsd/surefire-test-report-3.0.xsd" version="3.0" name="com.example.moneytransfer.MoneyTransferApplicationTests" time="9.292" tests="1" errors="0" skipped="0" failures="0">
  <properties>
[...]
</properties>
  <testcase name="contextLoads" classname="com.example.moneytransfer.MoneyTransferApplicationTests" time="0.337">
    <system-out><![CDATA[21:49:56.845 [main] INFO org.springframework.test.context.support.AnnotationConfigContextLoaderUtils -- Could not detect default configuration classes for test class [com.example.moneytransfer.MoneyTransferApplicationTests]: MoneyTransferApplicationTests does not declare any static, non-private, non-final, nested classes annotated with @Configuration.
21:49:56.930 [main] INFO org.springframework.boot.test.context.SpringBootTestContextBootstrapper -- Found @SpringBootConfiguration com.example.moneytransfer.MoneyTransferApplication for test class com.example.moneytransfer.MoneyTransferApplicationTests
21:49:57.042 [main] INFO org.springframework.boot.devtools.restart.RestartApplicationListener -- Restart disabled due to context in which it is running

  .   ____          _            __ _ _
 /\\ / ___'_ __ _ _(_)_ __  __ _ \ \ \ \
( ( )\___ | '_ | '_| | '_ \/ _` | \ \ \ \
 \\/  ___)| |_)| | | | | || (_| |  ) ) ) )
  '  |____| .__|_| |_|_| |_\__, | / / / /
 =========|_|==============|___/=/_/_/_/

 :: Spring Boot ::                (v3.3.3)

2024-09-09T21:49:57.202+03:00  INFO 11840 --- [Money Transfer] [           main] c.e.m.MoneyTransferApplicationTests      : Starting MoneyTransferApplicationTests using Java 17.0.12 with PID 11840 (started by pc in D:\Java\Money Transfer)
2024-09-09T21:49:57.203+03:00  INFO 11840 --- [Money Transfer] [           main] c.e.m.MoneyTransferApplicationTests      : No active profile set, falling back to 1 default profile: "default"
2024-09-09T21:49:57.636+03:00  INFO 11840 --- [Money Transfer] [           main] .s.d.r.c.RepositoryConfigurationDelegate : Multiple Spring Data modules found, entering strict repository configuration mode
2024-09-09T21:49:57.636+03:00  INFO 11840 --- [Money Transfer] [           main] .s.d.r.c.RepositoryConfigurationDelegate : Bootstrapping Spring Data JPA repositories in DEFAULT mode.
2024-09-09T21:49:57.727+03:00  INFO 11840 --- [Money Transfer] [           main] .s.d.r.c.RepositoryConfigurationDelegate : Finished Spring Data repository scanning in 80 ms. Found 3 JPA repository interfaces.
2024-09-09T21:49:57.962+03:00  INFO 11840 --- [Money Transfer] [           main] .s.d.r.c.RepositoryConfigurationDelegate : Multiple Spring Data modules found, entering strict repository configuration mode
2024-09-09T21:49:57.963+03:00  INFO 11840 --- [Money Transfer] [           main] .s.d.r.c.RepositoryConfigurationDelegate : Bootstrapping Spring Data Redis repositories in DEFAULT mode.
2024-09-09T21:49:57.980+03:00  INFO 11840 --- [Money Transfer] [           main] .RepositoryConfigurationExtensionSupport : Spring Data Redis - Could not safely identify store assignment for repository candidate interface com.example.moneytransfer.repository.FavoriteRecipientRepository; If you want this repository to be a Redis repository, consider annotating your entities with one of these annotations: org.springframework.data.redis.core.RedisHash (preferred), or consider extending one of the following types with your repository: org.springframework.data.keyvalue.repository.KeyValueRepository
2024-09-09T21:49:57.980+03:00  INFO 11840 --- [Money Transfer] [           main] .RepositoryConfigurationExtensionSupport : Spring Data Redis - Could not safely identify store assignment for repository candidate interface com.example.moneytransfer.repository.TransactionRepository; If you want this repository to be a Redis repository, consider annotating your entities with one of these annotations: org.springframework.data.redis.core.RedisHash (preferred), or consider extending one of the following types with your repository: org.springframework.data.keyvalue.repository.KeyValueRepository
2024-09-09T21:49:57.980+03:00  INFO 11840 --- [Money Transfer] [           main] .RepositoryConfigurationExtensionSupport : Spring Data Redis - Could not safely identify store assignment for repository candidate interface com.example.moneytransfer.repository.UserRepository; If you want this repository to be a Redis repository, consider annotating your entities with one of these annotations: org.springframework.data.redis.core.RedisHash (preferred), or consider extending one of the following types with your repository: org.springframework.data.keyvalue.repository.KeyValueRepository
2024-09-09T21:49:57.980+03:00  INFO 11840 --- [Money Transfer] [           main] .s.d.r.c.RepositoryConfigurationDelegate : Finished Spring Data repository scanning in 11 ms. Found 0 Redis repository interfaces.
2024-09-09T21:49:58.448+03:00  INFO 11840 --- [Money Transfer] [           main] o.hibernate.jpa.internal.util.LogHelper  : HHH000204: Processing PersistenceUnitInfo [name: default]
2024-09-09T21:49:58.486+03:00  INFO 11840 --- [Money Transfer] [           main] org.hibernate.Version                    : HHH000412: Hibernate ORM core version 6.5.2.Final
2024-09-09T21:49:58.511+03:00  INFO 11840 --- [Money Transfer] [           main] o.h.c.internal.RegionFactoryInitiator    : HHH000026: Second-level cache disabled
2024-09-09T21:49:58.739+03:00  INFO 11840 --- [Money Transfer] [           main] o.s.o.j.p.SpringPersistenceUnitInfo      : No LoadTimeWeaver setup: ignoring JPA class transformer
2024-09-09T21:49:58.758+03:00  INFO 11840 --- [Money Transfer] [           main] com.zaxxer.hikari.HikariDataSource       : HikariPool-1 - Starting...
2024-09-09T21:50:00.263+03:00  INFO 11840 --- [Money Transfer] [           main] com.zaxxer.hikari.pool.HikariPool        : HikariPool-1 - Added connection org.postgresql.jdbc.PgConnection@5ebf776c
2024-09-09T21:50:00.264+03:00  INFO 11840 --- [Money Transfer] [           main] com.zaxxer.hikari.HikariDataSource       : HikariPool-1 - Start completed.
2024-09-09T21:50:01.459+03:00  INFO 11840 --- [Money Transfer] [           main] o.h.e.t.j.p.i.JtaPlatformInitiator       : HHH000489: No JTA platform available (set 'hibernate.transaction.jta.platform' to enable JTA platform integration)
2024-09-09T21:50:03.559+03:00  INFO 11840 --- [Money Transfer] [           main] j.LocalContainerEntityManagerFactoryBean : Initialized JPA EntityManagerFactory for persistence unit 'default'
2024-09-09T21:50:04.193+03:00  INFO 11840 --- [Money Transfer] [           main] r$InitializeUserDetailsManagerConfigurer : Global AuthenticationManager configured with UserDetailsService bean with name userService
2024-09-09T21:50:04.295+03:00  INFO 11840 --- [Money Transfer] [           main] o.s.d.j.r.query.QueryEnhancerFactory     : Hibernate is in classpath; If applicable, HQL parser will be used.
2024-09-09T21:50:04.631+03:00  WARN 11840 --- [Money Transfer] [           main] JpaBaseConfiguration$JpaWebConfiguration : spring.jpa.open-in-view is enabled by default. Therefore, database queries may be performed during view rendering. Explicitly configure spring.jpa.open-in-view to disable this warning
2024-09-09T21:50:05.080+03:00  INFO 11840 --- [Money Transfer] [           main] o.s.b.a.e.web.EndpointLinksResolver      : Exposing 1 endpoint beneath base path '/actuator'
2024-09-09T21:50:05.611+03:00  INFO 11840 --- [Money Transfer] [           main] c.e.m.MoneyTransferApplicationTests      : Started MoneyTransferApplicationTests in 8.577 seconds (process running for 9.278)
]]></system-out>
  </testcase>
</testsuite>